  [1m[36mUser Load (1.5ms)[0m  [1mSELECT  "users".* FROM "users"   ORDER BY "users"."id" ASC LIMIT 1[0m
  [1m[35mUser Load (0.8ms)[0m  SELECT  "users".* FROM "users"   ORDER BY "users"."id" ASC LIMIT 1
  [1m[36mQuestion Load (1.0ms)[0m  [1mSELECT  "questions".* FROM "questions"  WHERE "questions"."user_id" = $1  ORDER BY created_at DESC LIMIT 1[0m  [["user_id", 1]]
  [1m[35mQuestion Load (0.4ms)[0m  SELECT "questions".* FROM "questions"  WHERE "questions"."user_id" = $1  ORDER BY created_at DESC  [["user_id", 1]]
  [1m[36mUser Load (1.4ms)[0m  [1mSELECT  "users".* FROM "users"   ORDER BY "users"."id" ASC LIMIT 1[0m
  [1m[35mQuestion Load (0.8ms)[0m  SELECT "questions".* FROM "questions"  WHERE "questions"."user_id" = $1  ORDER BY created_at DESC  [["user_id", 1]]
  [1m[36mAnswer Load (0.6ms)[0m  [1mSELECT "answers".* FROM "answers"  WHERE "answers"."user_id" = $1[0m  [["user_id", 1]]


Started GET "/" for 127.0.0.1 at 2014-08-11 09:24:40 -0400
  [1m[36mActiveRecord::SchemaMigration Load (1.2ms)[0m  [1mSELECT "schema_migrations".* FROM "schema_migrations"[0m
Processing by QuestionsController#index as HTML
  [1m[35mQuestion Load (1.3ms)[0m  SELECT "questions".* FROM "questions"   ORDER BY created_at DESC
  [1m[36mUser Load (2.0ms)[0m  [1mSELECT  "users".* FROM "users"  WHERE "users"."id" = 1  ORDER BY "users"."id" ASC LIMIT 1[0m
  Rendered questions/index.html.erb within layouts/application (99.2ms)
  Rendered shared/_navbar.html.erb (1.9ms)
Completed 200 OK in 247ms (Views: 215.9ms | ActiveRecord: 8.5ms)


Started GET "/assets/jquery.js?body=1" for 127.0.0.1 at 2014-08-11 09:24:40 -0400


Started GET "/assets/comments.js?body=1" for 127.0.0.1 at 2014-08-11 09:24:40 -0400


Started GET "/assets/turbolinks.js?body=1" for 127.0.0.1 at 2014-08-11 09:24:40 -0400


Started GET "/assets/jquery_ujs.js?body=1" for 127.0.0.1 at 2014-08-11 09:24:40 -0400


Started GET "/assets/application.css?body=1" for 127.0.0.1 at 2014-08-11 09:24:40 -0400


Started GET "/assets/pages.js?body=1" for 127.0.0.1 at 2014-08-11 09:24:40 -0400


Started GET "/assets/bootstrap.js?body=1" for 127.0.0.1 at 2014-08-11 09:24:40 -0400


Started GET "/assets/application.js?body=1" for 127.0.0.1 at 2014-08-11 09:24:40 -0400


Started GET "/questions/3" for 127.0.0.1 at 2014-08-11 09:24:42 -0400
Processing by QuestionsController#show as HTML
  Parameters: {"id"=>"3"}
  [1m[35mQuestion Load (0.4ms)[0m  SELECT  "questions".* FROM "questions"  WHERE "questions"."id" = $1  ORDER BY created_at DESC LIMIT 1  [["id", 3]]
  [1m[36m (0.8ms)[0m  [1mSELECT COUNT(*) FROM "votes"  WHERE "votes"."votable_id" = $1 AND "votes"."votable_type" = $2 AND "votes"."vote_flag" = 't' AND "votes"."vote_scope" IS NULL[0m  [["votable_id", 3], ["votable_type", "Question"]]
  [1m[35m (0.4ms)[0m  SELECT COUNT(*) FROM "votes"  WHERE "votes"."votable_id" = $1 AND "votes"."votable_type" = $2 AND "votes"."vote_flag" = 'f' AND "votes"."vote_scope" IS NULL  [["votable_id", 3], ["votable_type", "Question"]]
  [1m[36mUser Load (0.3ms)[0m  [1mSELECT  "users".* FROM "users"  WHERE "users"."id" = $1 LIMIT 1[0m  [["id", 1]]
  [1m[35mUser Load (0.5ms)[0m  SELECT  "users".* FROM "users"  WHERE "users"."id" = 1  ORDER BY "users"."id" ASC LIMIT 1
  [1m[36mComment Load (2.2ms)[0m  [1mSELECT "comments".* FROM "comments"  WHERE "comments"."commentable_id" = $1 AND "comments"."commentable_type" = $2[0m  [["commentable_id", 3], ["commentable_type", "Question"]]
  [1m[35mAnswer Load (0.5ms)[0m  SELECT "answers".* FROM "answers"  WHERE "answers"."question_id" = $1  [["question_id", 3]]
  [1m[36m (0.5ms)[0m  [1mSELECT COUNT(*) FROM "votes"  WHERE "votes"."votable_id" = $1 AND "votes"."votable_type" = $2 AND "votes"."vote_flag" = 't' AND "votes"."vote_scope" IS NULL[0m  [["votable_id", 4], ["votable_type", "Answer"]]
  [1m[35mCACHE (0.0ms)[0m  SELECT COUNT(*) FROM "votes"  WHERE "votes"."votable_id" = $1 AND "votes"."votable_type" = $2 AND "votes"."vote_flag" = 't' AND "votes"."vote_scope" IS NULL  [["votable_id", 4], ["votable_type", "Answer"]]
  [1m[36m (0.4ms)[0m  [1mSELECT COUNT(*) FROM "votes"  WHERE "votes"."votable_id" = $1 AND "votes"."votable_type" = $2 AND "votes"."vote_flag" = 'f' AND "votes"."vote_scope" IS NULL[0m  [["votable_id", 4], ["votable_type", "Answer"]]
  [1m[35mCACHE (0.0ms)[0m  SELECT COUNT(*) FROM "votes"  WHERE "votes"."votable_id" = $1 AND "votes"."votable_type" = $2 AND "votes"."vote_flag" = 'f' AND "votes"."vote_scope" IS NULL  [["votable_id", 4], ["votable_type", "Answer"]]
  [1m[36mCACHE (0.0ms)[0m  [1mSELECT  "users".* FROM "users"  WHERE "users"."id" = $1 LIMIT 1[0m  [["id", 1]]
  Rendered questions/show.html.erb within layouts/application (47.7ms)
  Rendered shared/_navbar.html.erb (1.1ms)
Completed 200 OK in 119ms (Views: 45.0ms | ActiveRecord: 13.2ms)


Started GET "/assets/bootstrap/glyphicons-halflings-regular.woff" for 127.0.0.1 at 2014-08-11 09:24:43 -0400


Started GET "/questions/3/comments/new" for 127.0.0.1 at 2014-08-11 09:24:51 -0400
Processing by CommentsController#new as HTML
  Parameters: {"authenticity_token"=>"6eZVIvj48nS6DPpHZzVQ+sbHj1J4GiQ9i+qhDTCz+Ss=", "question_id"=>"3"}
  Rendered comments/new.html.erb within layouts/application (9.5ms)
  [1m[35mUser Load (0.5ms)[0m  SELECT  "users".* FROM "users"  WHERE "users"."id" = 1  ORDER BY "users"."id" ASC LIMIT 1
  Rendered shared/_navbar.html.erb (2.1ms)
Completed 200 OK in 22ms (Views: 17.9ms | ActiveRecord: 2.6ms)


Started GET "/assets/application.css?body=1" for 127.0.0.1 at 2014-08-11 09:24:51 -0400


Started GET "/assets/jquery.js?body=1" for 127.0.0.1 at 2014-08-11 09:24:51 -0400


Started GET "/assets/pages.js?body=1" for 127.0.0.1 at 2014-08-11 09:24:51 -0400


Started GET "/assets/jquery_ujs.js?body=1" for 127.0.0.1 at 2014-08-11 09:24:51 -0400


Started GET "/assets/comments.js?body=1" for 127.0.0.1 at 2014-08-11 09:24:51 -0400


Started GET "/assets/turbolinks.js?body=1" for 127.0.0.1 at 2014-08-11 09:24:51 -0400


Started GET "/assets/bootstrap.js?body=1" for 127.0.0.1 at 2014-08-11 09:24:51 -0400


Started GET "/assets/application.js?body=1" for 127.0.0.1 at 2014-08-11 09:24:51 -0400


Started GET "/assets/bootstrap/glyphicons-halflings-regular.woff" for 127.0.0.1 at 2014-08-11 09:24:53 -0400


Started GET "/questions/3/comments/new" for 127.0.0.1 at 2014-08-11 09:24:55 -0400
Processing by CommentsController#new as HTML
  Parameters: {"authenticity_token"=>"6eZVIvj48nS6DPpHZzVQ+sbHj1J4GiQ9i+qhDTCz+Ss=", "question_id"=>"3"}
  Rendered comments/new.html.erb within layouts/application (1.5ms)
  [1m[36mUser Load (0.6ms)[0m  [1mSELECT  "users".* FROM "users"  WHERE "users"."id" = 1  ORDER BY "users"."id" ASC LIMIT 1[0m
  Rendered shared/_navbar.html.erb (1.9ms)
Completed 200 OK in 10ms (Views: 8.8ms | ActiveRecord: 0.6ms)


Started GET "/assets/application.css?body=1" for 127.0.0.1 at 2014-08-11 09:24:55 -0400


Started GET "/assets/jquery.js?body=1" for 127.0.0.1 at 2014-08-11 09:24:55 -0400


Started GET "/assets/comments.js?body=1" for 127.0.0.1 at 2014-08-11 09:24:55 -0400


Started GET "/assets/pages.js?body=1" for 127.0.0.1 at 2014-08-11 09:24:55 -0400


Started GET "/assets/turbolinks.js?body=1" for 127.0.0.1 at 2014-08-11 09:24:55 -0400


Started GET "/assets/jquery_ujs.js?body=1" for 127.0.0.1 at 2014-08-11 09:24:55 -0400


Started GET "/assets/bootstrap.js?body=1" for 127.0.0.1 at 2014-08-11 09:24:55 -0400


Started GET "/assets/application.js?body=1" for 127.0.0.1 at 2014-08-11 09:24:55 -0400


Started POST "/comments" for 127.0.0.1 at 2014-08-11 09:24:57 -0400
Processing by CommentsController#create as HTML
  Parameters: {"utf8"=>"✓", "authenticity_token"=>"6eZVIvj48nS6DPpHZzVQ+sbHj1J4GiQ9i+qhDTCz+Ss=", "comment"=>{"question_id"=>"3", "answer_id"=>"", "body"=>"asd"}, "commit"=>"Create Comment"}
  [1m[35mQuestion Load (0.4ms)[0m  SELECT  "questions".* FROM "questions"  WHERE "questions"."id" = $1  ORDER BY created_at DESC LIMIT 1  [["id", 3]]
Unpermitted parameters: question_id, answer_id
  [1m[36m (0.2ms)[0m  [1mBEGIN[0m
  [1m[35mSQL (0.7ms)[0m  INSERT INTO "comments" ("body", "commentable_id", "commentable_type", "created_at", "updated_at") VALUES ($1, $2, $3, $4, $5) RETURNING "id"  [["body", "asd"], ["commentable_id", 3], ["commentable_type", "Question"], ["created_at", "2014-08-11 13:24:57.495057"], ["updated_at", "2014-08-11 13:24:57.495057"]]
  [1m[36m (0.5ms)[0m  [1mCOMMIT[0m
Redirected to http://localhost:3000/
Completed 302 Found in 8ms (ActiveRecord: 1.8ms)


Started GET "/" for 127.0.0.1 at 2014-08-11 09:24:57 -0400
Processing by QuestionsController#index as HTML
  [1m[35mQuestion Load (0.4ms)[0m  SELECT "questions".* FROM "questions"   ORDER BY created_at DESC
  [1m[36mUser Load (0.5ms)[0m  [1mSELECT  "users".* FROM "users"  WHERE "users"."id" = 1  ORDER BY "users"."id" ASC LIMIT 1[0m
  Rendered questions/index.html.erb within layouts/application (4.4ms)
  Rendered shared/_navbar.html.erb (0.4ms)
Completed 200 OK in 12ms (Views: 10.1ms | ActiveRecord: 0.9ms)


Started GET "/assets/jquery.js?body=1" for 127.0.0.1 at 2014-08-11 09:24:57 -0400


Started GET "/assets/turbolinks.js?body=1" for 127.0.0.1 at 2014-08-11 09:24:57 -0400


Started GET "/assets/jquery_ujs.js?body=1" for 127.0.0.1 at 2014-08-11 09:24:57 -0400


Started GET "/assets/comments.js?body=1" for 127.0.0.1 at 2014-08-11 09:24:57 -0400


Started GET "/assets/pages.js?body=1" for 127.0.0.1 at 2014-08-11 09:24:57 -0400


Started GET "/assets/application.js?body=1" for 127.0.0.1 at 2014-08-11 09:24:57 -0400


Started GET "/assets/bootstrap.js?body=1" for 127.0.0.1 at 2014-08-11 09:24:57 -0400


Started GET "/assets/application.css?body=1" for 127.0.0.1 at 2014-08-11 09:24:57 -0400


Started GET "/questions/3" for 127.0.0.1 at 2014-08-11 09:24:59 -0400
Processing by QuestionsController#show as HTML
  Parameters: {"id"=>"3"}
  [1m[35mQuestion Load (0.6ms)[0m  SELECT  "questions".* FROM "questions"  WHERE "questions"."id" = $1  ORDER BY created_at DESC LIMIT 1  [["id", 3]]
  [1m[36m (0.6ms)[0m  [1mSELECT COUNT(*) FROM "votes"  WHERE "votes"."votable_id" = $1 AND "votes"."votable_type" = $2 AND "votes"."vote_flag" = 't' AND "votes"."vote_scope" IS NULL[0m  [["votable_id", 3], ["votable_type", "Question"]]
  [1m[35m (0.4ms)[0m  SELECT COUNT(*) FROM "votes"  WHERE "votes"."votable_id" = $1 AND "votes"."votable_type" = $2 AND "votes"."vote_flag" = 'f' AND "votes"."vote_scope" IS NULL  [["votable_id", 3], ["votable_type", "Question"]]
  [1m[36mUser Load (0.7ms)[0m  [1mSELECT  "users".* FROM "users"  WHERE "users"."id" = $1 LIMIT 1[0m  [["id", 1]]
  [1m[35mUser Load (0.6ms)[0m  SELECT  "users".* FROM "users"  WHERE "users"."id" = 1  ORDER BY "users"."id" ASC LIMIT 1
  [1m[36mComment Load (0.4ms)[0m  [1mSELECT "comments".* FROM "comments"  WHERE "comments"."commentable_id" = $1 AND "comments"."commentable_type" = $2[0m  [["commentable_id", 3], ["commentable_type", "Question"]]
  [1m[35mAnswer Load (0.4ms)[0m  SELECT "answers".* FROM "answers"  WHERE "answers"."question_id" = $1  [["question_id", 3]]
  [1m[36m (0.9ms)[0m  [1mSELECT COUNT(*) FROM "votes"  WHERE "votes"."votable_id" = $1 AND "votes"."votable_type" = $2 AND "votes"."vote_flag" = 't' AND "votes"."vote_scope" IS NULL[0m  [["votable_id", 4], ["votable_type", "Answer"]]
  [1m[35mCACHE (0.0ms)[0m  SELECT COUNT(*) FROM "votes"  WHERE "votes"."votable_id" = $1 AND "votes"."votable_type" = $2 AND "votes"."vote_flag" = 't' AND "votes"."vote_scope" IS NULL  [["votable_id", 4], ["votable_type", "Answer"]]
  [1m[36m (0.5ms)[0m  [1mSELECT COUNT(*) FROM "votes"  WHERE "votes"."votable_id" = $1 AND "votes"."votable_type" = $2 AND "votes"."vote_flag" = 'f' AND "votes"."vote_scope" IS NULL[0m  [["votable_id", 4], ["votable_type", "Answer"]]
  [1m[35mCACHE (0.0ms)[0m  SELECT COUNT(*) FROM "votes"  WHERE "votes"."votable_id" = $1 AND "votes"."votable_type" = $2 AND "votes"."vote_flag" = 'f' AND "votes"."vote_scope" IS NULL  [["votable_id", 4], ["votable_type", "Answer"]]
  [1m[36mCACHE (0.0ms)[0m  [1mSELECT  "users".* FROM "users"  WHERE "users"."id" = $1 LIMIT 1[0m  [["id", 1]]
  Rendered questions/show.html.erb within layouts/application (27.7ms)
  Rendered shared/_navbar.html.erb (0.5ms)
Completed 200 OK in 38ms (Views: 31.0ms | ActiveRecord: 5.2ms)


Started GET "/assets/bootstrap/glyphicons-halflings-regular.woff" for 127.0.0.1 at 2014-08-11 09:24:59 -0400


Started GET "/" for 127.0.0.1 at 2014-08-11 09:25:24 -0400
Processing by QuestionsController#index as HTML
  [1m[35mQuestion Load (0.6ms)[0m  SELECT "questions".* FROM "questions"   ORDER BY created_at DESC
  [1m[36mUser Load (0.6ms)[0m  [1mSELECT  "users".* FROM "users"  WHERE "users"."id" = 1  ORDER BY "users"."id" ASC LIMIT 1[0m
  Rendered questions/index.html.erb within layouts/application (8.3ms)
  Rendered shared/_navbar.html.erb (0.7ms)
Completed 200 OK in 24ms (Views: 20.6ms | ActiveRecord: 1.2ms)


Started GET "/questions/1" for 127.0.0.1 at 2014-08-11 09:25:26 -0400
Processing by QuestionsController#show as HTML
  Parameters: {"id"=>"1"}
  [1m[35mQuestion Load (0.5ms)[0m  SELECT  "questions".* FROM "questions"  WHERE "questions"."id" = $1  ORDER BY created_at DESC LIMIT 1  [["id", 1]]
  [1m[36m (0.7ms)[0m  [1mSELECT COUNT(*) FROM "votes"  WHERE "votes"."votable_id" = $1 AND "votes"."votable_type" = $2 AND "votes"."vote_flag" = 't' AND "votes"."vote_scope" IS NULL[0m  [["votable_id", 1], ["votable_type", "Question"]]
  [1m[35m (0.8ms)[0m  SELECT COUNT(*) FROM "votes"  WHERE "votes"."votable_id" = $1 AND "votes"."votable_type" = $2 AND "votes"."vote_flag" = 'f' AND "votes"."vote_scope" IS NULL  [["votable_id", 1], ["votable_type", "Question"]]
  Rendered questions/show.html.erb within layouts/application (12.6ms)
Completed 500 Internal Server Error in 20ms

ActiveRecord::RecordNotFound (Couldn't find User without an ID):
  app/views/questions/show.html.erb:24:in `_app_views_questions_show_html_erb___2027189756062809555_2163764940'


  Rendered /Users/davidsin/.rvm/gems/ruby-2.0.0-p451/gems/actionpack-4.1.4/lib/action_dispatch/middleware/templates/rescues/_source.erb (0.7ms)
  Rendered /Users/davidsin/.rvm/gems/ruby-2.0.0-p451/gems/actionpack-4.1.4/lib/action_dispatch/middleware/templates/rescues/_trace.html.erb (1.0ms)
  Rendered /Users/davidsin/.rvm/gems/ruby-2.0.0-p451/gems/actionpack-4.1.4/lib/action_dispatch/middleware/templates/rescues/_request_and_response.html.erb (2.2ms)
  Rendered /Users/davidsin/.rvm/gems/ruby-2.0.0-p451/gems/actionpack-4.1.4/lib/action_dispatch/middleware/templates/rescues/diagnostics.erb within rescues/layout (20.4ms)


Started GET "/questions/1" for 127.0.0.1 at 2014-08-11 09:25:26 -0400
Processing by QuestionsController#show as HTML
  Parameters: {"id"=>"1"}
  [1m[36mQuestion Load (0.4ms)[0m  [1mSELECT  "questions".* FROM "questions"  WHERE "questions"."id" = $1  ORDER BY created_at DESC LIMIT 1[0m  [["id", 1]]
  [1m[35m (0.4ms)[0m  SELECT COUNT(*) FROM "votes"  WHERE "votes"."votable_id" = $1 AND "votes"."votable_type" = $2 AND "votes"."vote_flag" = 't' AND "votes"."vote_scope" IS NULL  [["votable_id", 1], ["votable_type", "Question"]]
  [1m[36m (0.4ms)[0m  [1mSELECT COUNT(*) FROM "votes"  WHERE "votes"."votable_id" = $1 AND "votes"."votable_type" = $2 AND "votes"."vote_flag" = 'f' AND "votes"."vote_scope" IS NULL[0m  [["votable_id", 1], ["votable_type", "Question"]]
  Rendered questions/show.html.erb within layouts/application (7.0ms)
Completed 500 Internal Server Error in 12ms

ActiveRecord::RecordNotFound (Couldn't find User without an ID):
  app/views/questions/show.html.erb:24:in `_app_views_questions_show_html_erb___2027189756062809555_2201943240'


  Rendered /Users/davidsin/.rvm/gems/ruby-2.0.0-p451/gems/actionpack-4.1.4/lib/action_dispatch/middleware/templates/rescues/_source.erb (0.8ms)
  Rendered /Users/davidsin/.rvm/gems/ruby-2.0.0-p451/gems/actionpack-4.1.4/lib/action_dispatch/middleware/templates/rescues/_trace.html.erb (1.5ms)
  Rendered /Users/davidsin/.rvm/gems/ruby-2.0.0-p451/gems/actionpack-4.1.4/lib/action_dispatch/middleware/templates/rescues/_request_and_response.html.erb (1.2ms)
  Rendered /Users/davidsin/.rvm/gems/ruby-2.0.0-p451/gems/actionpack-4.1.4/lib/action_dispatch/middleware/templates/rescues/diagnostics.erb within rescues/layout (17.4ms)


Started GET "/" for 127.0.0.1 at 2014-08-11 09:25:36 -0400
Processing by QuestionsController#index as HTML
  [1m[35mQuestion Load (0.4ms)[0m  SELECT "questions".* FROM "questions"   ORDER BY created_at DESC
  [1m[36mUser Load (0.5ms)[0m  [1mSELECT  "users".* FROM "users"  WHERE "users"."id" = 1  ORDER BY "users"."id" ASC LIMIT 1[0m
  Rendered questions/index.html.erb within layouts/application (4.4ms)
  Rendered shared/_navbar.html.erb (0.4ms)
Completed 200 OK in 12ms (Views: 10.0ms | ActiveRecord: 0.9ms)


Started GET "/assets/jquery.js?body=1" for 127.0.0.1 at 2014-08-11 09:25:37 -0400


Started GET "/assets/jquery_ujs.js?body=1" for 127.0.0.1 at 2014-08-11 09:25:37 -0400


Started GET "/assets/application.css?body=1" for 127.0.0.1 at 2014-08-11 09:25:37 -0400


Started GET "/assets/turbolinks.js?body=1" for 127.0.0.1 at 2014-08-11 09:25:37 -0400


Started GET "/assets/pages.js?body=1" for 127.0.0.1 at 2014-08-11 09:25:37 -0400


Started GET "/assets/comments.js?body=1" for 127.0.0.1 at 2014-08-11 09:25:37 -0400


Started GET "/assets/bootstrap.js?body=1" for 127.0.0.1 at 2014-08-11 09:25:37 -0400


Started GET "/assets/application.js?body=1" for 127.0.0.1 at 2014-08-11 09:25:37 -0400


Started GET "/questions/1" for 127.0.0.1 at 2014-08-11 09:25:38 -0400
Processing by QuestionsController#show as HTML
  Parameters: {"id"=>"1"}
  [1m[35mQuestion Load (0.4ms)[0m  SELECT  "questions".* FROM "questions"  WHERE "questions"."id" = $1  ORDER BY created_at DESC LIMIT 1  [["id", 1]]
  [1m[36m (0.4ms)[0m  [1mSELECT COUNT(*) FROM "votes"  WHERE "votes"."votable_id" = $1 AND "votes"."votable_type" = $2 AND "votes"."vote_flag" = 't' AND "votes"."vote_scope" IS NULL[0m  [["votable_id", 1], ["votable_type", "Question"]]
  [1m[35m (0.9ms)[0m  SELECT COUNT(*) FROM "votes"  WHERE "votes"."votable_id" = $1 AND "votes"."votable_type" = $2 AND "votes"."vote_flag" = 'f' AND "votes"."vote_scope" IS NULL  [["votable_id", 1], ["votable_type", "Question"]]
  Rendered questions/show.html.erb within layouts/application (9.8ms)
Completed 500 Internal Server Error in 15ms

ActiveRecord::RecordNotFound (Couldn't find User without an ID):
  app/views/questions/show.html.erb:24:in `_app_views_questions_show_html_erb___2027189756062809555_2163764940'


  Rendered /Users/davidsin/.rvm/gems/ruby-2.0.0-p451/gems/actionpack-4.1.4/lib/action_dispatch/middleware/templates/rescues/_source.erb (49.4ms)
  Rendered /Users/davidsin/.rvm/gems/ruby-2.0.0-p451/gems/actionpack-4.1.4/lib/action_dispatch/middleware/templates/rescues/_trace.html.erb (1.0ms)
  Rendered /Users/davidsin/.rvm/gems/ruby-2.0.0-p451/gems/actionpack-4.1.4/lib/action_dispatch/middleware/templates/rescues/_request_and_response.html.erb (0.9ms)
  Rendered /Users/davidsin/.rvm/gems/ruby-2.0.0-p451/gems/actionpack-4.1.4/lib/action_dispatch/middleware/templates/rescues/diagnostics.erb within rescues/layout (63.3ms)


Started GET "/questions/1" for 127.0.0.1 at 2014-08-11 09:25:38 -0400
Processing by QuestionsController#show as HTML
  Parameters: {"id"=>"1"}
  [1m[36mQuestion Load (0.3ms)[0m  [1mSELECT  "questions".* FROM "questions"  WHERE "questions"."id" = $1  ORDER BY created_at DESC LIMIT 1[0m  [["id", 1]]
  [1m[35m (0.3ms)[0m  SELECT COUNT(*) FROM "votes"  WHERE "votes"."votable_id" = $1 AND "votes"."votable_type" = $2 AND "votes"."vote_flag" = 't' AND "votes"."vote_scope" IS NULL  [["votable_id", 1], ["votable_type", "Question"]]
  [1m[36m (0.6ms)[0m  [1mSELECT COUNT(*) FROM "votes"  WHERE "votes"."votable_id" = $1 AND "votes"."votable_type" = $2 AND "votes"."vote_flag" = 'f' AND "votes"."vote_scope" IS NULL[0m  [["votable_id", 1], ["votable_type", "Question"]]
  Rendered questions/show.html.erb within layouts/application (6.6ms)
Completed 500 Internal Server Error in 11ms

ActiveRecord::RecordNotFound (Couldn't find User without an ID):
  app/views/questions/show.html.erb:24:in `_app_views_questions_show_html_erb___2027189756062809555_2201943240'


  Rendered /Users/davidsin/.rvm/gems/ruby-2.0.0-p451/gems/actionpack-4.1.4/lib/action_dispatch/middleware/templates/rescues/_source.erb (0.7ms)
  Rendered /Users/davidsin/.rvm/gems/ruby-2.0.0-p451/gems/actionpack-4.1.4/lib/action_dispatch/middleware/templates/rescues/_trace.html.erb (0.9ms)
  Rendered /Users/davidsin/.rvm/gems/ruby-2.0.0-p451/gems/actionpack-4.1.4/lib/action_dispatch/middleware/templates/rescues/_request_and_response.html.erb (0.9ms)
  Rendered /Users/davidsin/.rvm/gems/ruby-2.0.0-p451/gems/actionpack-4.1.4/lib/action_dispatch/middleware/templates/rescues/diagnostics.erb within rescues/layout (14.8ms)


Started GET "/questions/3/comments/new" for 127.0.0.1 at 2014-08-11 09:25:42 -0400
Processing by CommentsController#new as HTML
  Parameters: {"question_id"=>"3"}
  Rendered comments/new.html.erb within layouts/application (1.7ms)
  [1m[35mUser Load (0.5ms)[0m  SELECT  "users".* FROM "users"  WHERE "users"."id" = 1  ORDER BY "users"."id" ASC LIMIT 1
  Rendered shared/_navbar.html.erb (2.3ms)
Completed 200 OK in 12ms (Views: 10.6ms | ActiveRecord: 0.5ms)


Started GET "/" for 127.0.0.1 at 2014-08-11 09:25:45 -0400
Processing by QuestionsController#index as HTML
  [1m[36mQuestion Load (0.5ms)[0m  [1mSELECT "questions".* FROM "questions"   ORDER BY created_at DESC[0m
  [1m[35mUser Load (1.2ms)[0m  SELECT  "users".* FROM "users"  WHERE "users"."id" = 1  ORDER BY "users"."id" ASC LIMIT 1
  Rendered questions/index.html.erb within layouts/application (5.5ms)
  Rendered shared/_navbar.html.erb (0.7ms)
Completed 200 OK in 18ms (Views: 14.4ms | ActiveRecord: 1.7ms)


Started GET "/questions/2" for 127.0.0.1 at 2014-08-11 09:25:47 -0400
Processing by QuestionsController#show as HTML
  Parameters: {"id"=>"2"}
  [1m[36mQuestion Load (0.3ms)[0m  [1mSELECT  "questions".* FROM "questions"  WHERE "questions"."id" = $1  ORDER BY created_at DESC LIMIT 1[0m  [["id", 2]]
  [1m[35m (0.3ms)[0m  SELECT COUNT(*) FROM "votes"  WHERE "votes"."votable_id" = $1 AND "votes"."votable_type" = $2 AND "votes"."vote_flag" = 't' AND "votes"."vote_scope" IS NULL  [["votable_id", 2], ["votable_type", "Question"]]
  [1m[36m (0.2ms)[0m  [1mSELECT COUNT(*) FROM "votes"  WHERE "votes"."votable_id" = $1 AND "votes"."votable_type" = $2 AND "votes"."vote_flag" = 'f' AND "votes"."vote_scope" IS NULL[0m  [["votable_id", 2], ["votable_type", "Question"]]
  [1m[35mUser Load (0.4ms)[0m  SELECT  "users".* FROM "users"  WHERE "users"."id" = $1 LIMIT 1  [["id", 1]]
  [1m[36mUser Load (0.7ms)[0m  [1mSELECT  "users".* FROM "users"  WHERE "users"."id" = 1  ORDER BY "users"."id" ASC LIMIT 1[0m
  [1m[35mComment Load (0.3ms)[0m  SELECT "comments".* FROM "comments"  WHERE "comments"."commentable_id" = $1 AND "comments"."commentable_type" = $2  [["commentable_id", 2], ["commentable_type", "Question"]]
  [1m[36mAnswer Load (2.8ms)[0m  [1mSELECT "answers".* FROM "answers"  WHERE "answers"."question_id" = $1[0m  [["question_id", 2]]
  Rendered questions/show.html.erb within layouts/application (12.8ms)
  Rendered shared/_navbar.html.erb (0.7ms)
Completed 200 OK in 25ms (Views: 17.8ms | ActiveRecord: 5.0ms)


Started GET "/assets/bootstrap/glyphicons-halflings-regular.woff" for 127.0.0.1 at 2014-08-11 09:25:47 -0400


Started GET "/users/1/show" for 127.0.0.1 at 2014-08-11 09:25:53 -0400
Processing by UsersController#show as HTML
  Parameters: {"id"=>"1"}
  [1m[35mUser Load (0.4ms)[0m  SELECT  "users".* FROM "users"  WHERE "users"."id" = $1 LIMIT 1  [["id", 1]]
  [1m[36mQuestion Load (0.4ms)[0m  [1mSELECT  "questions".* FROM "questions"  WHERE "questions"."id" = $1  ORDER BY created_at DESC LIMIT 1[0m  [["id", 1]]
  [1m[35m (0.7ms)[0m  SELECT COUNT(*) FROM "answers"  WHERE "answers"."user_id" = $1  [["user_id", 1]]
  [1m[36mQuestion Load (0.4ms)[0m  [1mSELECT "questions".* FROM "questions"  WHERE "questions"."user_id" = $1  ORDER BY created_at DESC[0m  [["user_id", 1]]
  [1m[35mAnswer Load (0.3ms)[0m  SELECT "answers".* FROM "answers"  WHERE "answers"."user_id" = $1  [["user_id", 1]]
  Rendered users/show.html.erb within layouts/application (19.6ms)
Completed 500 Internal Server Error in 30ms

ActionView::Template::Error (undefined method `model_name' for Fixnum:Class):
    16: 
    17: <h2> latest answers you have posted </h2>
    18:   <% @user.answers.each do |answer| %>
    19:     <%= link_to answer.body, answer.question_id %><br>
    20:   <% end %><br>
    21: 
    22: 
  app/views/users/show.html.erb:19:in `block in _app_views_users_show_html_erb__3037145135394152000_2200722040'
  app/views/users/show.html.erb:18:in `_app_views_users_show_html_erb__3037145135394152000_2200722040'


  Rendered /Users/davidsin/.rvm/gems/ruby-2.0.0-p451/gems/actionpack-4.1.4/lib/action_dispatch/middleware/templates/rescues/_trace.html.erb (1.0ms)
  Rendered /Users/davidsin/.rvm/gems/ruby-2.0.0-p451/gems/actionpack-4.1.4/lib/action_dispatch/middleware/templates/rescues/_request_and_response.html.erb (0.8ms)
  Rendered /Users/davidsin/.rvm/gems/ruby-2.0.0-p451/gems/actionpack-4.1.4/lib/action_dispatch/middleware/templates/rescues/template_error.html.erb within rescues/layout (10.6ms)


Started GET "/users/1/show" for 127.0.0.1 at 2014-08-11 09:25:53 -0400
Processing by UsersController#show as HTML
  Parameters: {"id"=>"1"}
  [1m[36mUser Load (0.8ms)[0m  [1mSELECT  "users".* FROM "users"  WHERE "users"."id" = $1 LIMIT 1[0m  [["id", 1]]
  [1m[35mQuestion Load (0.3ms)[0m  SELECT  "questions".* FROM "questions"  WHERE "questions"."id" = $1  ORDER BY created_at DESC LIMIT 1  [["id", 1]]
  [1m[36m (0.3ms)[0m  [1mSELECT COUNT(*) FROM "answers"  WHERE "answers"."user_id" = $1[0m  [["user_id", 1]]
  [1m[35mQuestion Load (0.3ms)[0m  SELECT "questions".* FROM "questions"  WHERE "questions"."user_id" = $1  ORDER BY created_at DESC  [["user_id", 1]]
  [1m[36mAnswer Load (0.3ms)[0m  [1mSELECT "answers".* FROM "answers"  WHERE "answers"."user_id" = $1[0m  [["user_id", 1]]
  Rendered users/show.html.erb within layouts/application (6.7ms)
Completed 500 Internal Server Error in 13ms

ActionView::Template::Error (undefined method `model_name' for Fixnum:Class):
    16: 
    17: <h2> latest answers you have posted </h2>
    18:   <% @user.answers.each do |answer| %>
    19:     <%= link_to answer.body, answer.question_id %><br>
    20:   <% end %><br>
    21: 
    22: 
  app/views/users/show.html.erb:19:in `block in _app_views_users_show_html_erb__3037145135394152000_2206693140'
  app/views/users/show.html.erb:18:in `_app_views_users_show_html_erb__3037145135394152000_2206693140'


  Rendered /Users/davidsin/.rvm/gems/ruby-2.0.0-p451/gems/actionpack-4.1.4/lib/action_dispatch/middleware/templates/rescues/_trace.html.erb (1.1ms)
  Rendered /Users/davidsin/.rvm/gems/ruby-2.0.0-p451/gems/actionpack-4.1.4/lib/action_dispatch/middleware/templates/rescues/_request_and_response.html.erb (0.8ms)
  Rendered /Users/davidsin/.rvm/gems/ruby-2.0.0-p451/gems/actionpack-4.1.4/lib/action_dispatch/middleware/templates/rescues/template_error.html.erb within rescues/layout (10.4ms)


Started GET "/" for 127.0.0.1 at 2014-08-11 09:26:45 -0400
Processing by QuestionsController#index as HTML
  [1m[35mQuestion Load (0.4ms)[0m  SELECT "questions".* FROM "questions"   ORDER BY created_at DESC
  [1m[36mUser Load (0.6ms)[0m  [1mSELECT  "users".* FROM "users"  WHERE "users"."id" = 1  ORDER BY "users"."id" ASC LIMIT 1[0m
  Rendered questions/index.html.erb within layouts/application (5.6ms)
  Rendered shared/_navbar.html.erb (0.4ms)
Completed 200 OK in 15ms (Views: 12.5ms | ActiveRecord: 1.0ms)


Started GET "/assets/turbolinks.js?body=1" for 127.0.0.1 at 2014-08-11 09:26:45 -0400


Started GET "/assets/jquery.js?body=1" for 127.0.0.1 at 2014-08-11 09:26:45 -0400


Started GET "/assets/application.css?body=1" for 127.0.0.1 at 2014-08-11 09:26:45 -0400


Started GET "/assets/jquery_ujs.js?body=1" for 127.0.0.1 at 2014-08-11 09:26:45 -0400


Started GET "/assets/comments.js?body=1" for 127.0.0.1 at 2014-08-11 09:26:45 -0400


Started GET "/assets/pages.js?body=1" for 127.0.0.1 at 2014-08-11 09:26:45 -0400


Started GET "/assets/bootstrap.js?body=1" for 127.0.0.1 at 2014-08-11 09:26:45 -0400


Started GET "/assets/application.js?body=1" for 127.0.0.1 at 2014-08-11 09:26:45 -0400


Started GET "/questions/3" for 127.0.0.1 at 2014-08-11 09:26:49 -0400
Processing by QuestionsController#show as HTML
  Parameters: {"id"=>"3"}
  [1m[35mQuestion Load (0.3ms)[0m  SELECT  "questions".* FROM "questions"  WHERE "questions"."id" = $1  ORDER BY created_at DESC LIMIT 1  [["id", 3]]
  [1m[36m (0.3ms)[0m  [1mSELECT COUNT(*) FROM "votes"  WHERE "votes"."votable_id" = $1 AND "votes"."votable_type" = $2 AND "votes"."vote_flag" = 't' AND "votes"."vote_scope" IS NULL[0m  [["votable_id", 3], ["votable_type", "Question"]]
  [1m[35m (2.5ms)[0m  SELECT COUNT(*) FROM "votes"  WHERE "votes"."votable_id" = $1 AND "votes"."votable_type" = $2 AND "votes"."vote_flag" = 'f' AND "votes"."vote_scope" IS NULL  [["votable_id", 3], ["votable_type", "Question"]]
  [1m[36mUser Load (0.6ms)[0m  [1mSELECT  "users".* FROM "users"  WHERE "users"."id" = $1 LIMIT 1[0m  [["id", 1]]
  [1m[35mUser Load (0.6ms)[0m  SELECT  "users".* FROM "users"  WHERE "users"."id" = 1  ORDER BY "users"."id" ASC LIMIT 1
  [1m[36mComment Load (0.4ms)[0m  [1mSELECT "comments".* FROM "comments"  WHERE "comments"."commentable_id" = $1 AND "comments"."commentable_type" = $2[0m  [["commentable_id", 3], ["commentable_type", "Question"]]
  [1m[35mAnswer Load (0.3ms)[0m  SELECT "answers".* FROM "answers"  WHERE "answers"."question_id" = $1  [["question_id", 3]]
  [1m[36m (0.3ms)[0m  [1mSELECT COUNT(*) FROM "votes"  WHERE "votes"."votable_id" = $1 AND "votes"."votable_type" = $2 AND "votes"."vote_flag" = 't' AND "votes"."vote_scope" IS NULL[0m  [["votable_id", 4], ["votable_type", "Answer"]]
  [1m[35mCACHE (0.0ms)[0m  SELECT COUNT(*) FROM "votes"  WHERE "votes"."votable_id" = $1 AND "votes"."votable_type" = $2 AND "votes"."vote_flag" = 't' AND "votes"."vote_scope" IS NULL  [["votable_id", 4], ["votable_type", "Answer"]]
  [1m[36m (0.2ms)[0m  [1mSELECT COUNT(*) FROM "votes"  WHERE "votes"."votable_id" = $1 AND "votes"."votable_type" = $2 AND "votes"."vote_flag" = 'f' AND "votes"."vote_scope" IS NULL[0m  [["votable_id", 4], ["votable_type", "Answer"]]
  [1m[35mCACHE (0.0ms)[0m  SELECT COUNT(*) FROM "votes"  WHERE "votes"."votable_id" = $1 AND "votes"."votable_type" = $2 AND "votes"."vote_flag" = 'f' AND "votes"."vote_scope" IS NULL  [["votable_id", 4], ["votable_type", "Answer"]]
  [1m[36mCACHE (0.0ms)[0m  [1mSELECT  "users".* FROM "users"  WHERE "users"."id" = $1 LIMIT 1[0m  [["id", 1]]
  Rendered questions/show.html.erb within layouts/application (25.4ms)
  Rendered shared/_navbar.html.erb (0.5ms)
Completed 200 OK in 38ms (Views: 29.8ms | ActiveRecord: 5.6ms)


Started GET "/assets/bootstrap/glyphicons-halflings-regular.woff" for 127.0.0.1 at 2014-08-11 09:26:49 -0400
